build/app/intermediates/manifest_merge_blame_file/release/manifest-merger-blame-release-report.txt
1<?xml version="1.0" encoding="utf-8"?>
2<manifest xmlns:android="http://schemas.android.com/apk/res/android"
3    package="com.timrekelj.thestrangechat"
4    android:versionCode="1"
5    android:versionName="1.0.0" >
6
7    <uses-sdk
8        android:minSdkVersion="16"
8-->src/main/AndroidManifest.xml
9        android:targetSdkVersion="28" />
9-->src/main/AndroidManifest.xml
10    <!-- Required permission for App measurement to run. -->
11    <uses-permission android:name="android.permission.INTERNET" />
11-->[com.google.android.gms:play-services-measurement:17.2.2] AndroidManifest.xml:23:5-67
11-->[com.google.android.gms:play-services-measurement:17.2.2] AndroidManifest.xml:23:22-64
12    <uses-permission android:name="android.permission.ACCESS_NETWORK_STATE" />
12-->[com.google.android.gms:play-services-measurement:17.2.2] AndroidManifest.xml:24:5-79
12-->[com.google.android.gms:play-services-measurement:17.2.2] AndroidManifest.xml:24:22-76
13    <uses-permission android:name="android.permission.WAKE_LOCK" />
13-->[com.google.android.gms:play-services-measurement:17.2.2] AndroidManifest.xml:25:5-68
13-->[com.google.android.gms:play-services-measurement:17.2.2] AndroidManifest.xml:25:22-65
14    <uses-permission android:name="com.google.android.finsky.permission.BIND_GET_INSTALL_REFERRER_SERVICE" /> <!-- Required by older versions of Google Play services to create IID tokens -->
14-->[com.google.android.gms:play-services-measurement:17.2.2] AndroidManifest.xml:26:5-110
14-->[com.google.android.gms:play-services-measurement:17.2.2] AndroidManifest.xml:26:22-107
15    <uses-permission android:name="com.google.android.c2dm.permission.RECEIVE" />
15-->[com.google.firebase:firebase-iid:20.0.2] AndroidManifest.xml:26:5-82
15-->[com.google.firebase:firebase-iid:20.0.2] AndroidManifest.xml:26:22-79
16    <!--
17 io.flutter.app.FlutterApplication is an android.app.Application that
18         calls FlutterMain.startInitialization(this); in its onCreate method.
19         In most cases you can leave this as-is, but you if you want to provide
20         additional functionality it is fine to subclass or reimplement
21         FlutterApplication and put your custom class here.
22    -->
23    <application
23-->src/main/AndroidManifest.xml:8:5-29:19
24        android:name="io.flutter.app.FlutterApplication"
24-->src/main/AndroidManifest.xml:9:9-57
25        android:appComponentFactory="androidx.core.app.CoreComponentFactory"
25-->[androidx.core:core:1.0.0] AndroidManifest.xml:22:18-86
26        android:icon="@mipmap/ic_launcher"
26-->src/main/AndroidManifest.xml:11:9-43
27        android:label="the_strange_chat" >
27-->src/main/AndroidManifest.xml:10:9-41
28        <activity
28-->src/main/AndroidManifest.xml:12:9-23:20
29            android:name="com.example.the_strange_chat.MainActivity"
29-->src/main/AndroidManifest.xml:13:13-41
30            android:configChanges="orientation|keyboardHidden|keyboard|screenSize|smallestScreenSize|locale|layoutDirection|fontScale|screenLayout|density|uiMode"
30-->src/main/AndroidManifest.xml:16:13-163
31            android:hardwareAccelerated="true"
31-->src/main/AndroidManifest.xml:17:13-47
32            android:launchMode="singleTop"
32-->src/main/AndroidManifest.xml:14:13-43
33            android:theme="@style/LaunchTheme"
33-->src/main/AndroidManifest.xml:15:13-47
34            android:windowSoftInputMode="adjustResize" >
34-->src/main/AndroidManifest.xml:18:13-55
35            <intent-filter>
35-->src/main/AndroidManifest.xml:19:13-22:29
36                <action android:name="android.intent.action.MAIN" />
36-->src/main/AndroidManifest.xml:20:17-68
36-->src/main/AndroidManifest.xml:20:25-66
37
38                <category android:name="android.intent.category.LAUNCHER" />
38-->src/main/AndroidManifest.xml:21:17-76
38-->src/main/AndroidManifest.xml:21:27-74
39            </intent-filter>
40        </activity>
41        <!--
42             Don't delete the meta-data below.
43             This is used by the Flutter tool to generate GeneratedPluginRegistrant.java
44        -->
45        <meta-data
45-->src/main/AndroidManifest.xml:26:9-28:33
46            android:name="flutterEmbedding"
46-->src/main/AndroidManifest.xml:27:13-44
47            android:value="2" />
47-->src/main/AndroidManifest.xml:28:13-30
48
49        <service
49-->[:firebase_auth] AndroidManifest.xml:8:9-12:19
50            android:name="com.google.firebase.components.ComponentDiscoveryService"
50-->[:firebase_auth] AndroidManifest.xml:8:18-89
51            android:directBootAware="true"
51-->[com.google.firebase:firebase-common:19.3.0] AndroidManifest.xml:34:13-43
52            android:exported="false" >
52-->[com.google.android.gms:play-services-measurement-api:17.2.2] AndroidManifest.xml:29:13-37
53            <meta-data
53-->[:firebase_auth] AndroidManifest.xml:9:13-11:85
54                android:name="com.google.firebase.components:io.flutter.plugins.firebaseauth.FlutterFirebaseAppRegistrar"
54-->[:firebase_auth] AndroidManifest.xml:10:17-122
55                android:value="com.google.firebase.components.ComponentRegistrar" />
55-->[:firebase_auth] AndroidManifest.xml:11:17-82
56            <meta-data
56-->[:firebase_database] AndroidManifest.xml:9:13-11:85
57                android:name="com.google.firebase.components:io.flutter.plugins.firebase.database.FlutterFirebaseAppRegistrar"
57-->[:firebase_database] AndroidManifest.xml:10:17-127
58                android:value="com.google.firebase.components.ComponentRegistrar" />
58-->[:firebase_database] AndroidManifest.xml:11:17-82
59            <meta-data
59-->[:firebase_core] AndroidManifest.xml:9:13-11:85
60                android:name="com.google.firebase.components:io.flutter.plugins.firebase.core.FlutterFirebaseAppRegistrar"
60-->[:firebase_core] AndroidManifest.xml:10:17-123
61                android:value="com.google.firebase.components.ComponentRegistrar" />
61-->[:firebase_core] AndroidManifest.xml:11:17-82
62            <meta-data
62-->[com.google.android.gms:play-services-measurement-api:17.2.2] AndroidManifest.xml:30:13-32:85
63                android:name="com.google.firebase.components:com.google.firebase.analytics.connector.internal.AnalyticsConnectorRegistrar"
63-->[com.google.android.gms:play-services-measurement-api:17.2.2] AndroidManifest.xml:31:17-139
64                android:value="com.google.firebase.components.ComponentRegistrar" />
64-->[com.google.android.gms:play-services-measurement-api:17.2.2] AndroidManifest.xml:32:17-82
65            <meta-data
65-->[com.google.firebase:firebase-auth:19.2.0] AndroidManifest.xml:36:13-38:85
66                android:name="com.google.firebase.components:com.google.firebase.auth.FirebaseAuthRegistrar"
66-->[com.google.firebase:firebase-auth:19.2.0] AndroidManifest.xml:37:17-109
67                android:value="com.google.firebase.components.ComponentRegistrar" />
67-->[com.google.firebase:firebase-auth:19.2.0] AndroidManifest.xml:38:17-82
68            <meta-data
68-->[com.google.firebase:firebase-database:17.0.0] AndroidManifest.xml:30:13-32:85
69                android:name="com.google.firebase.components:com.google.firebase.database.DatabaseRegistrar"
69-->[com.google.firebase:firebase-database:17.0.0] AndroidManifest.xml:31:17-109
70                android:value="com.google.firebase.components.ComponentRegistrar" />
70-->[com.google.firebase:firebase-database:17.0.0] AndroidManifest.xml:32:17-82
71            <meta-data
71-->[com.google.firebase:firebase-iid:20.0.2] AndroidManifest.xml:32:13-34:85
72                android:name="com.google.firebase.components:com.google.firebase.iid.Registrar"
72-->[com.google.firebase:firebase-iid:20.0.2] AndroidManifest.xml:33:17-96
73                android:value="com.google.firebase.components.ComponentRegistrar" />
73-->[com.google.firebase:firebase-iid:20.0.2] AndroidManifest.xml:34:17-82
74        </service>
75
76        <receiver
76-->[com.google.android.gms:play-services-measurement:17.2.2] AndroidManifest.xml:29:9-33:20
77            android:name="com.google.android.gms.measurement.AppMeasurementReceiver"
77-->[com.google.android.gms:play-services-measurement:17.2.2] AndroidManifest.xml:30:13-85
78            android:enabled="true"
78-->[com.google.android.gms:play-services-measurement:17.2.2] AndroidManifest.xml:31:13-35
79            android:exported="false" >
79-->[com.google.android.gms:play-services-measurement:17.2.2] AndroidManifest.xml:32:13-37
80        </receiver>
81        <receiver
81-->[com.google.android.gms:play-services-measurement:17.2.2] AndroidManifest.xml:34:9-42:20
82            android:name="com.google.android.gms.measurement.AppMeasurementInstallReferrerReceiver"
82-->[com.google.android.gms:play-services-measurement:17.2.2] AndroidManifest.xml:35:13-100
83            android:enabled="true"
83-->[com.google.android.gms:play-services-measurement:17.2.2] AndroidManifest.xml:36:13-35
84            android:exported="true"
84-->[com.google.android.gms:play-services-measurement:17.2.2] AndroidManifest.xml:37:13-36
85            android:permission="android.permission.INSTALL_PACKAGES" >
85-->[com.google.android.gms:play-services-measurement:17.2.2] AndroidManifest.xml:38:13-69
86            <intent-filter>
86-->[com.google.android.gms:play-services-measurement:17.2.2] AndroidManifest.xml:39:13-41:29
87                <action android:name="com.android.vending.INSTALL_REFERRER" />
87-->[com.google.android.gms:play-services-measurement:17.2.2] AndroidManifest.xml:40:17-79
87-->[com.google.android.gms:play-services-measurement:17.2.2] AndroidManifest.xml:40:25-76
88            </intent-filter>
89        </receiver>
90
91        <service
91-->[com.google.android.gms:play-services-measurement:17.2.2] AndroidManifest.xml:44:9-47:40
92            android:name="com.google.android.gms.measurement.AppMeasurementService"
92-->[com.google.android.gms:play-services-measurement:17.2.2] AndroidManifest.xml:45:13-84
93            android:enabled="true"
93-->[com.google.android.gms:play-services-measurement:17.2.2] AndroidManifest.xml:46:13-35
94            android:exported="false" />
94-->[com.google.android.gms:play-services-measurement:17.2.2] AndroidManifest.xml:47:13-37
95        <service
95-->[com.google.android.gms:play-services-measurement:17.2.2] AndroidManifest.xml:48:9-52:72
96            android:name="com.google.android.gms.measurement.AppMeasurementJobService"
96-->[com.google.android.gms:play-services-measurement:17.2.2] AndroidManifest.xml:49:13-87
97            android:enabled="true"
97-->[com.google.android.gms:play-services-measurement:17.2.2] AndroidManifest.xml:50:13-35
98            android:exported="false"
98-->[com.google.android.gms:play-services-measurement:17.2.2] AndroidManifest.xml:51:13-37
99            android:permission="android.permission.BIND_JOB_SERVICE" />
99-->[com.google.android.gms:play-services-measurement:17.2.2] AndroidManifest.xml:52:13-69
100
101        <activity
101-->[com.google.firebase:firebase-auth:19.2.0] AndroidManifest.xml:24:9-31:50
102            android:name="com.google.firebase.auth.internal.FederatedSignInActivity"
102-->[com.google.firebase:firebase-auth:19.2.0] AndroidManifest.xml:25:13-85
103            android:excludeFromRecents="true"
103-->[com.google.firebase:firebase-auth:19.2.0] AndroidManifest.xml:26:13-46
104            android:exported="true"
104-->[com.google.firebase:firebase-auth:19.2.0] AndroidManifest.xml:27:13-36
105            android:launchMode="singleTask"
105-->[com.google.firebase:firebase-auth:19.2.0] AndroidManifest.xml:28:13-44
106            android:permission="com.google.firebase.auth.api.gms.permission.LAUNCH_FEDERATED_SIGN_IN"
106-->[com.google.firebase:firebase-auth:19.2.0] AndroidManifest.xml:29:13-102
107            android:theme="@android:style/Theme.Translucent.NoTitleBar" />
107-->[com.google.firebase:firebase-auth:19.2.0] AndroidManifest.xml:30:13-72
108
109        <receiver
109-->[com.google.firebase:firebase-iid:20.0.2] AndroidManifest.xml:37:9-44:20
110            android:name="com.google.firebase.iid.FirebaseInstanceIdReceiver"
110-->[com.google.firebase:firebase-iid:20.0.2] AndroidManifest.xml:38:13-78
111            android:exported="true"
111-->[com.google.firebase:firebase-iid:20.0.2] AndroidManifest.xml:39:13-36
112            android:permission="com.google.android.c2dm.permission.SEND" >
112-->[com.google.firebase:firebase-iid:20.0.2] AndroidManifest.xml:40:13-73
113            <intent-filter>
113-->[com.google.firebase:firebase-iid:20.0.2] AndroidManifest.xml:41:13-43:29
114                <action android:name="com.google.android.c2dm.intent.RECEIVE" />
114-->[com.google.firebase:firebase-iid:20.0.2] AndroidManifest.xml:42:17-81
114-->[com.google.firebase:firebase-iid:20.0.2] AndroidManifest.xml:42:25-78
115            </intent-filter>
116        </receiver>
117
118        <provider
118-->[com.google.firebase:firebase-common:19.3.0] AndroidManifest.xml:26:9-30:39
119            android:name="com.google.firebase.provider.FirebaseInitProvider"
119-->[com.google.firebase:firebase-common:19.3.0] AndroidManifest.xml:27:13-77
120            android:authorities="com.timrekelj.thestrangechat.firebaseinitprovider"
120-->[com.google.firebase:firebase-common:19.3.0] AndroidManifest.xml:28:13-72
121            android:exported="false"
121-->[com.google.firebase:firebase-common:19.3.0] AndroidManifest.xml:29:13-37
122            android:initOrder="100" />
122-->[com.google.firebase:firebase-common:19.3.0] AndroidManifest.xml:30:13-36
123
124        <activity
124-->[com.google.android.gms:play-services-base:17.1.0] AndroidManifest.xml:23:9-26:75
125            android:name="com.google.android.gms.common.api.GoogleApiActivity"
125-->[com.google.android.gms:play-services-base:17.1.0] AndroidManifest.xml:24:13-79
126            android:exported="false"
126-->[com.google.android.gms:play-services-base:17.1.0] AndroidManifest.xml:25:13-37
127            android:theme="@android:style/Theme.Translucent.NoTitleBar" />
127-->[com.google.android.gms:play-services-base:17.1.0] AndroidManifest.xml:26:13-72
128
129        <meta-data
129-->[com.google.android.gms:play-services-basement:17.0.0] AndroidManifest.xml:23:9-25:69
130            android:name="com.google.android.gms.version"
130-->[com.google.android.gms:play-services-basement:17.0.0] AndroidManifest.xml:24:13-58
131            android:value="@integer/google_play_services_version" />
131-->[com.google.android.gms:play-services-basement:17.0.0] AndroidManifest.xml:25:13-66
132    </application>
133
134</manifest>